0 info it worked if it ends with ok
1 verbose cli [ 'node', '/home/ile/nvm/v0.10.10/bin/npm', 'install' ]
2 info using npm@1.3.11
3 info using node@v0.10.10
4 warn package.json dropzone@3.7.1 Normalized value of bugs field is an empty object. Deleted.
5 verbose readDependencies using package.json deps
6 verbose install where, deps [ '/home/ile/derby/blanket_add/dropzone',
6 verbose install   [ 'grunt',
6 verbose install     'grunt-contrib-coffee',
6 verbose install     'grunt-contrib-concat',
6 verbose install     'grunt-contrib-stylus',
6 verbose install     'grunt-contrib-uglify',
6 verbose install     'grunt-component-build',
6 verbose install     'grunt-contrib-copy',
6 verbose install     'grunt-contrib-watch',
6 verbose install     'mocha-phantomjs',
6 verbose install     'mocha',
6 verbose install     'sinon',
6 verbose install     'chai' ] ]
7 info preinstall dropzone@3.7.1
8 verbose readDependencies using package.json deps
9 verbose cache add [ 'grunt-contrib-stylus@*', null ]
10 verbose cache add name=undefined spec="grunt-contrib-stylus@*" args=["grunt-contrib-stylus@*",null]
11 verbose parsed url { protocol: null,
11 verbose parsed url   slashes: null,
11 verbose parsed url   auth: null,
11 verbose parsed url   host: null,
11 verbose parsed url   port: null,
11 verbose parsed url   hostname: null,
11 verbose parsed url   hash: null,
11 verbose parsed url   search: null,
11 verbose parsed url   query: null,
11 verbose parsed url   pathname: 'grunt-contrib-stylus@*',
11 verbose parsed url   path: 'grunt-contrib-stylus@*',
11 verbose parsed url   href: 'grunt-contrib-stylus@*' }
12 verbose cache add name="grunt-contrib-stylus" spec="*" args=["grunt-contrib-stylus","*"]
13 verbose parsed url { protocol: null,
13 verbose parsed url   slashes: null,
13 verbose parsed url   auth: null,
13 verbose parsed url   host: null,
13 verbose parsed url   port: null,
13 verbose parsed url   hostname: null,
13 verbose parsed url   hash: null,
13 verbose parsed url   search: null,
13 verbose parsed url   query: null,
13 verbose parsed url   pathname: '*',
13 verbose parsed url   path: '*',
13 verbose parsed url   href: '*' }
14 verbose addNamed [ 'grunt-contrib-stylus', '*' ]
15 verbose addNamed [ null, '*' ]
16 verbose cache add [ 'grunt-contrib-uglify@*', null ]
17 verbose cache add name=undefined spec="grunt-contrib-uglify@*" args=["grunt-contrib-uglify@*",null]
18 verbose parsed url { protocol: null,
18 verbose parsed url   slashes: null,
18 verbose parsed url   auth: null,
18 verbose parsed url   host: null,
18 verbose parsed url   port: null,
18 verbose parsed url   hostname: null,
18 verbose parsed url   hash: null,
18 verbose parsed url   search: null,
18 verbose parsed url   query: null,
18 verbose parsed url   pathname: 'grunt-contrib-uglify@*',
18 verbose parsed url   path: 'grunt-contrib-uglify@*',
18 verbose parsed url   href: 'grunt-contrib-uglify@*' }
19 verbose cache add name="grunt-contrib-uglify" spec="*" args=["grunt-contrib-uglify","*"]
20 verbose parsed url { protocol: null,
20 verbose parsed url   slashes: null,
20 verbose parsed url   auth: null,
20 verbose parsed url   host: null,
20 verbose parsed url   port: null,
20 verbose parsed url   hostname: null,
20 verbose parsed url   hash: null,
20 verbose parsed url   search: null,
20 verbose parsed url   query: null,
20 verbose parsed url   pathname: '*',
20 verbose parsed url   path: '*',
20 verbose parsed url   href: '*' }
21 verbose addNamed [ 'grunt-contrib-uglify', '*' ]
22 verbose addNamed [ null, '*' ]
23 verbose cache add [ 'grunt-component-build@*', null ]
24 verbose cache add name=undefined spec="grunt-component-build@*" args=["grunt-component-build@*",null]
25 verbose parsed url { protocol: null,
25 verbose parsed url   slashes: null,
25 verbose parsed url   auth: null,
25 verbose parsed url   host: null,
25 verbose parsed url   port: null,
25 verbose parsed url   hostname: null,
25 verbose parsed url   hash: null,
25 verbose parsed url   search: null,
25 verbose parsed url   query: null,
25 verbose parsed url   pathname: 'grunt-component-build@*',
25 verbose parsed url   path: 'grunt-component-build@*',
25 verbose parsed url   href: 'grunt-component-build@*' }
26 verbose cache add name="grunt-component-build" spec="*" args=["grunt-component-build","*"]
27 verbose parsed url { protocol: null,
27 verbose parsed url   slashes: null,
27 verbose parsed url   auth: null,
27 verbose parsed url   host: null,
27 verbose parsed url   port: null,
27 verbose parsed url   hostname: null,
27 verbose parsed url   hash: null,
27 verbose parsed url   search: null,
27 verbose parsed url   query: null,
27 verbose parsed url   pathname: '*',
27 verbose parsed url   path: '*',
27 verbose parsed url   href: '*' }
28 verbose addNamed [ 'grunt-component-build', '*' ]
29 verbose addNamed [ null, '*' ]
30 silly lockFile 0605086c-grunt-contrib-stylus grunt-contrib-stylus@*
31 verbose lock grunt-contrib-stylus@* /home/ile/.npm/0605086c-grunt-contrib-stylus.lock
32 silly lockFile d203f81c-grunt-contrib-uglify grunt-contrib-uglify@*
33 verbose lock grunt-contrib-uglify@* /home/ile/.npm/d203f81c-grunt-contrib-uglify.lock
34 silly lockFile e7f6d65c-grunt-component-build grunt-component-build@*
35 verbose lock grunt-component-build@* /home/ile/.npm/e7f6d65c-grunt-component-build.lock
36 verbose cache add [ 'grunt-contrib-copy@*', null ]
37 verbose cache add name=undefined spec="grunt-contrib-copy@*" args=["grunt-contrib-copy@*",null]
38 verbose parsed url { protocol: null,
38 verbose parsed url   slashes: null,
38 verbose parsed url   auth: null,
38 verbose parsed url   host: null,
38 verbose parsed url   port: null,
38 verbose parsed url   hostname: null,
38 verbose parsed url   hash: null,
38 verbose parsed url   search: null,
38 verbose parsed url   query: null,
38 verbose parsed url   pathname: 'grunt-contrib-copy@*',
38 verbose parsed url   path: 'grunt-contrib-copy@*',
38 verbose parsed url   href: 'grunt-contrib-copy@*' }
39 verbose cache add name="grunt-contrib-copy" spec="*" args=["grunt-contrib-copy","*"]
40 verbose parsed url { protocol: null,
40 verbose parsed url   slashes: null,
40 verbose parsed url   auth: null,
40 verbose parsed url   host: null,
40 verbose parsed url   port: null,
40 verbose parsed url   hostname: null,
40 verbose parsed url   hash: null,
40 verbose parsed url   search: null,
40 verbose parsed url   query: null,
40 verbose parsed url   pathname: '*',
40 verbose parsed url   path: '*',
40 verbose parsed url   href: '*' }
41 verbose addNamed [ 'grunt-contrib-copy', '*' ]
42 verbose addNamed [ null, '*' ]
43 silly lockFile 89c12057-grunt-contrib-copy grunt-contrib-copy@*
44 verbose lock grunt-contrib-copy@* /home/ile/.npm/89c12057-grunt-contrib-copy.lock
45 verbose cache add [ 'grunt-contrib-watch@*', null ]
46 verbose cache add name=undefined spec="grunt-contrib-watch@*" args=["grunt-contrib-watch@*",null]
47 verbose parsed url { protocol: null,
47 verbose parsed url   slashes: null,
47 verbose parsed url   auth: null,
47 verbose parsed url   host: null,
47 verbose parsed url   port: null,
47 verbose parsed url   hostname: null,
47 verbose parsed url   hash: null,
47 verbose parsed url   search: null,
47 verbose parsed url   query: null,
47 verbose parsed url   pathname: 'grunt-contrib-watch@*',
47 verbose parsed url   path: 'grunt-contrib-watch@*',
47 verbose parsed url   href: 'grunt-contrib-watch@*' }
48 verbose cache add name="grunt-contrib-watch" spec="*" args=["grunt-contrib-watch","*"]
49 verbose parsed url { protocol: null,
49 verbose parsed url   slashes: null,
49 verbose parsed url   auth: null,
49 verbose parsed url   host: null,
49 verbose parsed url   port: null,
49 verbose parsed url   hostname: null,
49 verbose parsed url   hash: null,
49 verbose parsed url   search: null,
49 verbose parsed url   query: null,
49 verbose parsed url   pathname: '*',
49 verbose parsed url   path: '*',
49 verbose parsed url   href: '*' }
50 verbose addNamed [ 'grunt-contrib-watch', '*' ]
51 verbose addNamed [ null, '*' ]
52 silly lockFile a6fbc7fa-grunt-contrib-watch grunt-contrib-watch@*
53 verbose lock grunt-contrib-watch@* /home/ile/.npm/a6fbc7fa-grunt-contrib-watch.lock
54 verbose cache add [ 'mocha-phantomjs@3.1.x', null ]
55 verbose cache add name=undefined spec="mocha-phantomjs@3.1.x" args=["mocha-phantomjs@3.1.x",null]
56 verbose parsed url { protocol: null,
56 verbose parsed url   slashes: null,
56 verbose parsed url   auth: null,
56 verbose parsed url   host: null,
56 verbose parsed url   port: null,
56 verbose parsed url   hostname: null,
56 verbose parsed url   hash: null,
56 verbose parsed url   search: null,
56 verbose parsed url   query: null,
56 verbose parsed url   pathname: 'mocha-phantomjs@3.1.x',
56 verbose parsed url   path: 'mocha-phantomjs@3.1.x',
56 verbose parsed url   href: 'mocha-phantomjs@3.1.x' }
57 verbose cache add name="mocha-phantomjs" spec="3.1.x" args=["mocha-phantomjs","3.1.x"]
58 verbose parsed url { protocol: null,
58 verbose parsed url   slashes: null,
58 verbose parsed url   auth: null,
58 verbose parsed url   host: null,
58 verbose parsed url   port: null,
58 verbose parsed url   hostname: null,
58 verbose parsed url   hash: null,
58 verbose parsed url   search: null,
58 verbose parsed url   query: null,
58 verbose parsed url   pathname: '3.1.x',
58 verbose parsed url   path: '3.1.x',
58 verbose parsed url   href: '3.1.x' }
59 verbose addNamed [ 'mocha-phantomjs', '3.1.x' ]
60 verbose addNamed [ null, '>=3.1.0-0 <3.2.0-0' ]
61 silly lockFile 72c71b91-mocha-phantomjs-3-1-x mocha-phantomjs@3.1.x
62 verbose lock mocha-phantomjs@3.1.x /home/ile/.npm/72c71b91-mocha-phantomjs-3-1-x.lock
63 verbose cache add [ 'mocha@1.12.x', null ]
64 verbose cache add name=undefined spec="mocha@1.12.x" args=["mocha@1.12.x",null]
65 verbose parsed url { protocol: null,
65 verbose parsed url   slashes: null,
65 verbose parsed url   auth: null,
65 verbose parsed url   host: null,
65 verbose parsed url   port: null,
65 verbose parsed url   hostname: null,
65 verbose parsed url   hash: null,
65 verbose parsed url   search: null,
65 verbose parsed url   query: null,
65 verbose parsed url   pathname: 'mocha@1.12.x',
65 verbose parsed url   path: 'mocha@1.12.x',
65 verbose parsed url   href: 'mocha@1.12.x' }
66 verbose cache add name="mocha" spec="1.12.x" args=["mocha","1.12.x"]
67 verbose parsed url { protocol: null,
67 verbose parsed url   slashes: null,
67 verbose parsed url   auth: null,
67 verbose parsed url   host: null,
67 verbose parsed url   port: null,
67 verbose parsed url   hostname: null,
67 verbose parsed url   hash: null,
67 verbose parsed url   search: null,
67 verbose parsed url   query: null,
67 verbose parsed url   pathname: '1.12.x',
67 verbose parsed url   path: '1.12.x',
67 verbose parsed url   href: '1.12.x' }
68 verbose addNamed [ 'mocha', '1.12.x' ]
69 verbose addNamed [ null, '>=1.12.0-0 <1.13.0-0' ]
70 silly lockFile 9b8cb677-mocha-1-12-x mocha@1.12.x
71 verbose lock mocha@1.12.x /home/ile/.npm/9b8cb677-mocha-1-12-x.lock
72 verbose cache add [ 'sinon@1.7.x', null ]
73 verbose cache add name=undefined spec="sinon@1.7.x" args=["sinon@1.7.x",null]
74 verbose parsed url { protocol: null,
74 verbose parsed url   slashes: null,
74 verbose parsed url   auth: null,
74 verbose parsed url   host: null,
74 verbose parsed url   port: null,
74 verbose parsed url   hostname: null,
74 verbose parsed url   hash: null,
74 verbose parsed url   search: null,
74 verbose parsed url   query: null,
74 verbose parsed url   pathname: 'sinon@1.7.x',
74 verbose parsed url   path: 'sinon@1.7.x',
74 verbose parsed url   href: 'sinon@1.7.x' }
75 verbose cache add name="sinon" spec="1.7.x" args=["sinon","1.7.x"]
76 verbose parsed url { protocol: null,
76 verbose parsed url   slashes: null,
76 verbose parsed url   auth: null,
76 verbose parsed url   host: null,
76 verbose parsed url   port: null,
76 verbose parsed url   hostname: null,
76 verbose parsed url   hash: null,
76 verbose parsed url   search: null,
76 verbose parsed url   query: null,
76 verbose parsed url   pathname: '1.7.x',
76 verbose parsed url   path: '1.7.x',
76 verbose parsed url   href: '1.7.x' }
77 verbose addNamed [ 'sinon', '1.7.x' ]
78 verbose addNamed [ null, '>=1.7.0-0 <1.8.0-0' ]
79 silly lockFile c3a49a3b-sinon-1-7-x sinon@1.7.x
80 verbose lock sinon@1.7.x /home/ile/.npm/c3a49a3b-sinon-1-7-x.lock
81 verbose cache add [ 'chai@1.7.x', null ]
82 verbose cache add name=undefined spec="chai@1.7.x" args=["chai@1.7.x",null]
83 verbose parsed url { protocol: null,
83 verbose parsed url   slashes: null,
83 verbose parsed url   auth: null,
83 verbose parsed url   host: null,
83 verbose parsed url   port: null,
83 verbose parsed url   hostname: null,
83 verbose parsed url   hash: null,
83 verbose parsed url   search: null,
83 verbose parsed url   query: null,
83 verbose parsed url   pathname: 'chai@1.7.x',
83 verbose parsed url   path: 'chai@1.7.x',
83 verbose parsed url   href: 'chai@1.7.x' }
84 verbose cache add name="chai" spec="1.7.x" args=["chai","1.7.x"]
85 verbose parsed url { protocol: null,
85 verbose parsed url   slashes: null,
85 verbose parsed url   auth: null,
85 verbose parsed url   host: null,
85 verbose parsed url   port: null,
85 verbose parsed url   hostname: null,
85 verbose parsed url   hash: null,
85 verbose parsed url   search: null,
85 verbose parsed url   query: null,
85 verbose parsed url   pathname: '1.7.x',
85 verbose parsed url   path: '1.7.x',
85 verbose parsed url   href: '1.7.x' }
86 verbose addNamed [ 'chai', '1.7.x' ]
87 verbose addNamed [ null, '>=1.7.0-0 <1.8.0-0' ]
88 silly lockFile e0eac20c-chai-1-7-x chai@1.7.x
89 verbose lock chai@1.7.x /home/ile/.npm/e0eac20c-chai-1-7-x.lock
90 verbose cache add [ 'grunt@*', null ]
91 verbose cache add name=undefined spec="grunt@*" args=["grunt@*",null]
92 verbose parsed url { protocol: null,
92 verbose parsed url   slashes: null,
92 verbose parsed url   auth: null,
92 verbose parsed url   host: null,
92 verbose parsed url   port: null,
92 verbose parsed url   hostname: null,
92 verbose parsed url   hash: null,
92 verbose parsed url   search: null,
92 verbose parsed url   query: null,
92 verbose parsed url   pathname: 'grunt@*',
92 verbose parsed url   path: 'grunt@*',
92 verbose parsed url   href: 'grunt@*' }
93 verbose cache add name="grunt" spec="*" args=["grunt","*"]
94 verbose parsed url { protocol: null,
94 verbose parsed url   slashes: null,
94 verbose parsed url   auth: null,
94 verbose parsed url   host: null,
94 verbose parsed url   port: null,
94 verbose parsed url   hostname: null,
94 verbose parsed url   hash: null,
94 verbose parsed url   search: null,
94 verbose parsed url   query: null,
94 verbose parsed url   pathname: '*',
94 verbose parsed url   path: '*',
94 verbose parsed url   href: '*' }
95 verbose addNamed [ 'grunt', '*' ]
96 verbose addNamed [ null, '*' ]
97 silly lockFile da20c8d2-grunt grunt@*
98 verbose lock grunt@* /home/ile/.npm/da20c8d2-grunt.lock
99 verbose cache add [ 'grunt-contrib-coffee@*', null ]
100 verbose cache add name=undefined spec="grunt-contrib-coffee@*" args=["grunt-contrib-coffee@*",null]
101 verbose parsed url { protocol: null,
101 verbose parsed url   slashes: null,
101 verbose parsed url   auth: null,
101 verbose parsed url   host: null,
101 verbose parsed url   port: null,
101 verbose parsed url   hostname: null,
101 verbose parsed url   hash: null,
101 verbose parsed url   search: null,
101 verbose parsed url   query: null,
101 verbose parsed url   pathname: 'grunt-contrib-coffee@*',
101 verbose parsed url   path: 'grunt-contrib-coffee@*',
101 verbose parsed url   href: 'grunt-contrib-coffee@*' }
102 verbose cache add name="grunt-contrib-coffee" spec="*" args=["grunt-contrib-coffee","*"]
103 verbose parsed url { protocol: null,
103 verbose parsed url   slashes: null,
103 verbose parsed url   auth: null,
103 verbose parsed url   host: null,
103 verbose parsed url   port: null,
103 verbose parsed url   hostname: null,
103 verbose parsed url   hash: null,
103 verbose parsed url   search: null,
103 verbose parsed url   query: null,
103 verbose parsed url   pathname: '*',
103 verbose parsed url   path: '*',
103 verbose parsed url   href: '*' }
104 verbose addNamed [ 'grunt-contrib-coffee', '*' ]
105 verbose addNamed [ null, '*' ]
106 silly lockFile fe8942fc-grunt-contrib-coffee grunt-contrib-coffee@*
107 verbose lock grunt-contrib-coffee@* /home/ile/.npm/fe8942fc-grunt-contrib-coffee.lock
108 verbose cache add [ 'grunt-contrib-concat@*', null ]
109 verbose cache add name=undefined spec="grunt-contrib-concat@*" args=["grunt-contrib-concat@*",null]
110 verbose parsed url { protocol: null,
110 verbose parsed url   slashes: null,
110 verbose parsed url   auth: null,
110 verbose parsed url   host: null,
110 verbose parsed url   port: null,
110 verbose parsed url   hostname: null,
110 verbose parsed url   hash: null,
110 verbose parsed url   search: null,
110 verbose parsed url   query: null,
110 verbose parsed url   pathname: 'grunt-contrib-concat@*',
110 verbose parsed url   path: 'grunt-contrib-concat@*',
110 verbose parsed url   href: 'grunt-contrib-concat@*' }
111 verbose cache add name="grunt-contrib-concat" spec="*" args=["grunt-contrib-concat","*"]
112 verbose parsed url { protocol: null,
112 verbose parsed url   slashes: null,
112 verbose parsed url   auth: null,
112 verbose parsed url   host: null,
112 verbose parsed url   port: null,
112 verbose parsed url   hostname: null,
112 verbose parsed url   hash: null,
112 verbose parsed url   search: null,
112 verbose parsed url   query: null,
112 verbose parsed url   pathname: '*',
112 verbose parsed url   path: '*',
112 verbose parsed url   href: '*' }
113 verbose addNamed [ 'grunt-contrib-concat', '*' ]
114 verbose addNamed [ null, '*' ]
115 silly lockFile d8fbfde8-grunt-contrib-concat grunt-contrib-concat@*
116 verbose lock grunt-contrib-concat@* /home/ile/.npm/d8fbfde8-grunt-contrib-concat.lock
117 silly addNameRange { name: 'grunt-contrib-stylus', range: '*', hasData: false }
118 silly addNameRange { name: 'grunt-contrib-uglify', range: '*', hasData: false }
119 silly addNameRange { name: 'grunt-component-build', range: '*', hasData: false }
120 silly addNameRange { name: 'grunt-contrib-copy', range: '*', hasData: false }
121 silly addNameRange { name: 'grunt-contrib-watch', range: '*', hasData: false }
122 silly addNameRange { name: 'mocha-phantomjs',
122 silly addNameRange   range: '>=3.1.0-0 <3.2.0-0',
122 silly addNameRange   hasData: false }
123 silly addNameRange { name: 'mocha', range: '>=1.12.0-0 <1.13.0-0', hasData: false }
124 silly addNameRange { name: 'sinon', range: '>=1.7.0-0 <1.8.0-0', hasData: false }
125 silly addNameRange { name: 'chai', range: '>=1.7.0-0 <1.8.0-0', hasData: false }
126 silly addNameRange { name: 'grunt', range: '*', hasData: false }
127 silly addNameRange { name: 'grunt-contrib-coffee', range: '*', hasData: false }
128 silly addNameRange { name: 'grunt-contrib-concat', range: '*', hasData: false }
129 verbose url raw grunt-contrib-stylus
130 verbose url resolving [ 'https://registry.npmjs.org/', './grunt-contrib-stylus' ]
131 verbose url resolved https://registry.npmjs.org/grunt-contrib-stylus
132 info trying registry request attempt 1 at 00:49:14
133 http GET https://registry.npmjs.org/grunt-contrib-stylus
134 verbose url raw grunt-component-build
135 verbose url resolving [ 'https://registry.npmjs.org/', './grunt-component-build' ]
136 verbose url resolved https://registry.npmjs.org/grunt-component-build
137 info trying registry request attempt 1 at 00:49:14
138 http GET https://registry.npmjs.org/grunt-component-build
139 verbose url raw grunt-contrib-uglify
140 verbose url resolving [ 'https://registry.npmjs.org/', './grunt-contrib-uglify' ]
141 verbose url resolved https://registry.npmjs.org/grunt-contrib-uglify
142 info trying registry request attempt 1 at 00:49:15
143 verbose etag "7NCQGS82CQOIB32E5ICBQMRCH"
144 http GET https://registry.npmjs.org/grunt-contrib-uglify
145 verbose url raw grunt-contrib-copy
146 verbose url resolving [ 'https://registry.npmjs.org/', './grunt-contrib-copy' ]
147 verbose url resolved https://registry.npmjs.org/grunt-contrib-copy
148 info trying registry request attempt 1 at 00:49:15
149 verbose etag "4SLF49YWK8VWN3IHFBYLF7L5C"
150 http GET https://registry.npmjs.org/grunt-contrib-copy
151 verbose url raw grunt-contrib-watch
152 verbose url resolving [ 'https://registry.npmjs.org/', './grunt-contrib-watch' ]
153 verbose url resolved https://registry.npmjs.org/grunt-contrib-watch
154 info trying registry request attempt 1 at 00:49:15
155 verbose etag "8TL9YH2CEOBCRUV2SCTYFKWQQ"
156 http GET https://registry.npmjs.org/grunt-contrib-watch
157 verbose url raw mocha-phantomjs
158 verbose url resolving [ 'https://registry.npmjs.org/', './mocha-phantomjs' ]
159 verbose url resolved https://registry.npmjs.org/mocha-phantomjs
160 info trying registry request attempt 1 at 00:49:15
161 verbose etag "BWNGMCOK3CX4PZI5WVPUFP0CU"
162 http GET https://registry.npmjs.org/mocha-phantomjs
163 verbose url raw mocha
164 verbose url resolving [ 'https://registry.npmjs.org/', './mocha' ]
165 verbose url resolved https://registry.npmjs.org/mocha
166 info trying registry request attempt 1 at 00:49:15
167 verbose etag "ENDPU8WDRRBHEIAGY3ZUVZM67"
168 http GET https://registry.npmjs.org/mocha
169 verbose url raw sinon
170 verbose url resolving [ 'https://registry.npmjs.org/', './sinon' ]
171 verbose url resolved https://registry.npmjs.org/sinon
172 info trying registry request attempt 1 at 00:49:15
173 verbose etag "DVZHEG7VXDJ8CZ8EK9XOFUFG1"
174 http GET https://registry.npmjs.org/sinon
175 verbose url raw chai
176 verbose url resolving [ 'https://registry.npmjs.org/', './chai' ]
177 verbose url resolved https://registry.npmjs.org/chai
178 info trying registry request attempt 1 at 00:49:15
179 verbose etag "CEN6AMD7MT3J4SX39RJA3823C"
180 http GET https://registry.npmjs.org/chai
181 verbose url raw grunt-contrib-coffee
182 verbose url resolving [ 'https://registry.npmjs.org/', './grunt-contrib-coffee' ]
183 verbose url resolved https://registry.npmjs.org/grunt-contrib-coffee
184 info trying registry request attempt 1 at 00:49:15
185 verbose etag "C0MOFEPNWDGXFNGRXNUD63UAC"
186 http GET https://registry.npmjs.org/grunt-contrib-coffee
187 verbose url raw grunt
188 verbose url resolving [ 'https://registry.npmjs.org/', './grunt' ]
189 verbose url resolved https://registry.npmjs.org/grunt
190 info trying registry request attempt 1 at 00:49:15
191 verbose etag "47JXFTZ4F9SHHRZC9H53GBNUU"
192 http GET https://registry.npmjs.org/grunt
193 verbose url raw grunt-contrib-concat
194 verbose url resolving [ 'https://registry.npmjs.org/', './grunt-contrib-concat' ]
195 verbose url resolved https://registry.npmjs.org/grunt-contrib-concat
196 info trying registry request attempt 1 at 00:49:15
197 verbose etag "CIC13UBS4JUJ680GWMYSWLYZD"
198 http GET https://registry.npmjs.org/grunt-contrib-concat
199 http 500 https://registry.npmjs.org/grunt-component-build
200 verbose bad json Internal routing error
200 verbose bad json
200 verbose bad json Sorry, we cannot connect to the intended server.
200 verbose bad json
200 verbose bad json We have just been notified of this problem. We will correct it as soon as possible.
200 verbose bad json
200 verbose bad json Feel free to contact us if you have any questions: support@iriscouch.com
201 error registry error parsing json
202 info retry will retry, error on last attempt: SyntaxError: Unexpected token I
202 info retry Internal routing error
202 info retry
202 info retry Sorry, we cannot connect to the intended server.
202 info retry
202 info retry We have just been notified of this problem. We will correct it as soon as possible.
202 info retry
202 info retry Feel free to contact us if you have any questions: support@iriscouch.com
203 info retry will retry, error on last attempt: Error: socket hang up
204 http 500 https://registry.npmjs.org/grunt-contrib-watch
205 verbose bad json Internal routing error
205 verbose bad json
205 verbose bad json Sorry, we cannot connect to the intended server.
205 verbose bad json
205 verbose bad json We have just been notified of this problem. We will correct it as soon as possible.
205 verbose bad json
205 verbose bad json Feel free to contact us if you have any questions: support@iriscouch.com
206 error registry error parsing json
207 info retry will retry, error on last attempt: SyntaxError: Unexpected token I
207 info retry Internal routing error
207 info retry
207 info retry Sorry, we cannot connect to the intended server.
207 info retry
207 info retry We have just been notified of this problem. We will correct it as soon as possible.
207 info retry
207 info retry Feel free to contact us if you have any questions: support@iriscouch.com
208 http 500 https://registry.npmjs.org/grunt-contrib-uglify
209 verbose bad json Internal routing error
209 verbose bad json
209 verbose bad json Sorry, we cannot connect to the intended server.
209 verbose bad json
209 verbose bad json We have just been notified of this problem. We will correct it as soon as possible.
209 verbose bad json
209 verbose bad json Feel free to contact us if you have any questions: support@iriscouch.com
210 error registry error parsing json
211 info retry will retry, error on last attempt: SyntaxError: Unexpected token I
211 info retry Internal routing error
211 info retry
211 info retry Sorry, we cannot connect to the intended server.
211 info retry
211 info retry We have just been notified of this problem. We will correct it as soon as possible.
211 info retry
211 info retry Feel free to contact us if you have any questions: support@iriscouch.com
212 info retry will retry, error on last attempt: Error: socket hang up
213 info retry will retry, error on last attempt: Error: socket hang up
214 info trying registry request attempt 2 at 00:50:30
215 http GET https://registry.npmjs.org/grunt-component-build
216 info trying registry request attempt 2 at 00:50:30
217 verbose etag "BWNGMCOK3CX4PZI5WVPUFP0CU"
218 http GET https://registry.npmjs.org/mocha-phantomjs
219 info trying registry request attempt 2 at 00:50:30
220 verbose etag "8TL9YH2CEOBCRUV2SCTYFKWQQ"
221 http GET https://registry.npmjs.org/grunt-contrib-watch
222 info trying registry request attempt 2 at 00:50:30
223 verbose etag "7NCQGS82CQOIB32E5ICBQMRCH"
224 http GET https://registry.npmjs.org/grunt-contrib-uglify
225 info trying registry request attempt 2 at 00:50:30
226 verbose etag "DVZHEG7VXDJ8CZ8EK9XOFUFG1"
227 http GET https://registry.npmjs.org/sinon
228 info trying registry request attempt 2 at 00:50:30
229 verbose etag "CEN6AMD7MT3J4SX39RJA3823C"
230 http GET https://registry.npmjs.org/chai
231 http 500 https://registry.npmjs.org/mocha
232 verbose bad json Internal routing error
232 verbose bad json
232 verbose bad json Sorry, we cannot connect to the intended server.
232 verbose bad json
232 verbose bad json We have just been notified of this problem. We will correct it as soon as possible.
232 verbose bad json
232 verbose bad json Feel free to contact us if you have any questions: support@iriscouch.com
233 error registry error parsing json
234 info retry will retry, error on last attempt: SyntaxError: Unexpected token I
234 info retry Internal routing error
234 info retry
234 info retry Sorry, we cannot connect to the intended server.
234 info retry
234 info retry We have just been notified of this problem. We will correct it as soon as possible.
234 info retry
234 info retry Feel free to contact us if you have any questions: support@iriscouch.com
235 info retry will retry, error on last attempt: Error: socket hang up
236 http 500 https://registry.npmjs.org/grunt
237 verbose bad json Internal routing error
237 verbose bad json
237 verbose bad json Sorry, we cannot connect to the intended server.
237 verbose bad json
237 verbose bad json We have just been notified of this problem. We will correct it as soon as possible.
237 verbose bad json
237 verbose bad json Feel free to contact us if you have any questions: support@iriscouch.com
238 error registry error parsing json
239 info retry will retry, error on last attempt: SyntaxError: Unexpected token I
239 info retry Internal routing error
239 info retry
239 info retry Sorry, we cannot connect to the intended server.
239 info retry
239 info retry We have just been notified of this problem. We will correct it as soon as possible.
239 info retry
239 info retry Feel free to contact us if you have any questions: support@iriscouch.com
240 info retry will retry, error on last attempt: Error: socket hang up
241 info trying registry request attempt 2 at 00:51:35
242 verbose etag "ENDPU8WDRRBHEIAGY3ZUVZM67"
243 http GET https://registry.npmjs.org/mocha
244 info trying registry request attempt 2 at 00:51:35
245 verbose etag "CIC13UBS4JUJ680GWMYSWLYZD"
246 http GET https://registry.npmjs.org/grunt-contrib-concat
247 info trying registry request attempt 2 at 00:51:35
248 verbose etag "47JXFTZ4F9SHHRZC9H53GBNUU"
249 http GET https://registry.npmjs.org/grunt
250 info retry will retry, error on last attempt: Error: connect ETIMEDOUT
251 info retry will retry, error on last attempt: Error: connect ETIMEDOUT
252 info trying registry request attempt 3 at 00:52:25
253 verbose etag "BWNGMCOK3CX4PZI5WVPUFP0CU"
254 http GET https://registry.npmjs.org/mocha-phantomjs
255 http 500 https://registry.npmjs.org/grunt-contrib-watch
256 verbose bad json Internal routing error
256 verbose bad json
256 verbose bad json Sorry, we cannot connect to the intended server.
256 verbose bad json
256 verbose bad json We have just been notified of this problem. We will correct it as soon as possible.
256 verbose bad json
256 verbose bad json Feel free to contact us if you have any questions: support@iriscouch.com
257 error registry error parsing json
258 info retry will retry, error on last attempt: SyntaxError: Unexpected token I
258 info retry Internal routing error
258 info retry
258 info retry Sorry, we cannot connect to the intended server.
258 info retry
258 info retry We have just been notified of this problem. We will correct it as soon as possible.
258 info retry
258 info retry Feel free to contact us if you have any questions: support@iriscouch.com
259 info retry will retry, error on last attempt: Error: socket hang up
260 info trying registry request attempt 2 at 00:52:34
261 http GET https://registry.npmjs.org/grunt-contrib-stylus
262 info trying registry request attempt 2 at 00:52:34
263 verbose etag "4SLF49YWK8VWN3IHFBYLF7L5C"
264 http GET https://registry.npmjs.org/grunt-contrib-copy
265 http 500 https://registry.npmjs.org/sinon
266 verbose bad json Internal routing error
266 verbose bad json
266 verbose bad json Sorry, we cannot connect to the intended server.
266 verbose bad json
266 verbose bad json We have just been notified of this problem. We will correct it as soon as possible.
266 verbose bad json
266 verbose bad json Feel free to contact us if you have any questions: support@iriscouch.com
267 error registry error parsing json
268 info retry will retry, error on last attempt: SyntaxError: Unexpected token I
268 info retry Internal routing error
268 info retry
268 info retry Sorry, we cannot connect to the intended server.
268 info retry
268 info retry We have just been notified of this problem. We will correct it as soon as possible.
268 info retry
268 info retry Feel free to contact us if you have any questions: support@iriscouch.com
269 info retry will retry, error on last attempt: Error: socket hang up
270 info retry will retry, error on last attempt: Error: connect ETIMEDOUT
271 info trying registry request attempt 3 at 00:53:30
272 verbose etag "8TL9YH2CEOBCRUV2SCTYFKWQQ"
273 http GET https://registry.npmjs.org/grunt-contrib-watch
274 info trying registry request attempt 3 at 00:53:30
275 verbose etag "CEN6AMD7MT3J4SX39RJA3823C"
276 http GET https://registry.npmjs.org/chai
277 info trying registry request attempt 2 at 00:53:39
278 verbose etag "C0MOFEPNWDGXFNGRXNUD63UAC"
279 http GET https://registry.npmjs.org/grunt-contrib-coffee
280 info trying registry request attempt 3 at 00:54:29
281 verbose etag "DVZHEG7VXDJ8CZ8EK9XOFUFG1"
282 http GET https://registry.npmjs.org/sinon
283 info trying registry request attempt 3 at 00:54:29
284 verbose etag "CIC13UBS4JUJ680GWMYSWLYZD"
285 http GET https://registry.npmjs.org/grunt-contrib-concat
286 info retry will retry, error on last attempt: Error: connect ETIMEDOUT
287 http 500 https://registry.npmjs.org/grunt
288 verbose bad json Internal routing error
288 verbose bad json
288 verbose bad json Sorry, we cannot connect to the intended server.
288 verbose bad json
288 verbose bad json We have just been notified of this problem. We will correct it as soon as possible.
288 verbose bad json
288 verbose bad json Feel free to contact us if you have any questions: support@iriscouch.com
289 error registry error parsing json
290 info retry will retry, error on last attempt: SyntaxError: Unexpected token I
290 info retry Internal routing error
290 info retry
290 info retry Sorry, we cannot connect to the intended server.
290 info retry
290 info retry We have just been notified of this problem. We will correct it as soon as possible.
290 info retry
290 info retry Feel free to contact us if you have any questions: support@iriscouch.com
291 info retry will retry, error on last attempt: Error: socket hang up
292 info retry will retry, error on last attempt: Error: connect ETIMEDOUT
293 info trying registry request attempt 3 at 00:55:34
294 http GET https://registry.npmjs.org/grunt-component-build
295 info trying registry request attempt 3 at 00:55:34
296 verbose etag "47JXFTZ4F9SHHRZC9H53GBNUU"
297 http GET https://registry.npmjs.org/grunt
298 info trying registry request attempt 3 at 00:55:34
299 verbose etag "4SLF49YWK8VWN3IHFBYLF7L5C"
300 http GET https://registry.npmjs.org/grunt-contrib-copy
301 info retry will retry, error on last attempt: Error: connect ETIMEDOUT
302 http 500 https://registry.npmjs.org/grunt-contrib-watch
303 verbose bad json Internal routing error
303 verbose bad json
303 verbose bad json Sorry, we cannot connect to the intended server.
303 verbose bad json
303 verbose bad json We have just been notified of this problem. We will correct it as soon as possible.
303 verbose bad json
303 verbose bad json Feel free to contact us if you have any questions: support@iriscouch.com
304 error registry error parsing json
305 silly registry.get cb [ 304, undefined ]
306 verbose etag grunt-contrib-watch from cache
307 silly registry.get cb [ 304, undefined ]
308 verbose etag sinon from cache
309 silly addNameRange number 2 { name: 'grunt-contrib-watch', range: '*', hasData: true }
310 silly addNameRange versions [ 'grunt-contrib-watch',
310 silly addNameRange   [ '0.1.0',
310 silly addNameRange     '0.1.1',
310 silly addNameRange     '0.1.2',
310 silly addNameRange     '0.1.3',
310 silly addNameRange     '0.1.4',
310 silly addNameRange     '0.2.0',
310 silly addNameRange     '0.3.0',
310 silly addNameRange     '0.3.1',
310 silly addNameRange     '0.4.0',
310 silly addNameRange     '0.4.1',
310 silly addNameRange     '0.4.2',
310 silly addNameRange     '0.4.3',
310 silly addNameRange     '0.4.4',
310 silly addNameRange     '0.5.0',
310 silly addNameRange     '0.5.1',
310 silly addNameRange     '0.5.2',
310 silly addNameRange     '0.5.3',
310 silly addNameRange     '0.2.0-a',
310 silly addNameRange     '0.2.0-rc5',
310 silly addNameRange     '0.2.0-rc7' ] ]
311 verbose addNamed [ 'grunt-contrib-watch', '0.5.3' ]
312 verbose addNamed [ '0.5.3', '0.5.3' ]
313 silly lockFile d70d7cec-grunt-contrib-watch-0-5-3 grunt-contrib-watch@0.5.3
314 verbose lock grunt-contrib-watch@0.5.3 /home/ile/.npm/d70d7cec-grunt-contrib-watch-0-5-3.lock
315 silly addNameRange number 2 { name: 'sinon', range: '>=1.7.0-0 <1.8.0-0', hasData: true }
316 silly addNameRange versions [ 'sinon',
316 silly addNameRange   [ '0.6.2',
316 silly addNameRange     '0.6.3',
316 silly addNameRange     '1.0.0',
316 silly addNameRange     '1.0.1',
316 silly addNameRange     '1.0.2',
316 silly addNameRange     '1.1.0',
316 silly addNameRange     '1.1.1',
316 silly addNameRange     '1.2.0',
316 silly addNameRange     '1.3.0',
316 silly addNameRange     '1.3.1',
316 silly addNameRange     '1.3.2',
316 silly addNameRange     '1.3.3',
316 silly addNameRange     '1.3.4',
316 silly addNameRange     '1.4.0',
316 silly addNameRange     '1.4.1',
316 silly addNameRange     '1.4.2',
316 silly addNameRange     '1.5.0',
316 silly addNameRange     '1.5.2',
316 silly addNameRange     '1.6.0',
316 silly addNameRange     '1.7.0',
316 silly addNameRange     '1.7.1',
316 silly addNameRange     '1.7.2',
316 silly addNameRange     '1.7.3' ] ]
317 verbose addNamed [ 'sinon', '1.7.3' ]
318 verbose addNamed [ '1.7.3', '1.7.3' ]
319 silly lockFile 9a1cea05-sinon-1-7-3 sinon@1.7.3
320 verbose lock sinon@1.7.3 /home/ile/.npm/9a1cea05-sinon-1-7-3.lock
321 silly lockFile d70d7cec-grunt-contrib-watch-0-5-3 grunt-contrib-watch@0.5.3
322 silly lockFile d70d7cec-grunt-contrib-watch-0-5-3 grunt-contrib-watch@0.5.3
323 silly lockFile 9a1cea05-sinon-1-7-3 sinon@1.7.3
324 silly lockFile 9a1cea05-sinon-1-7-3 sinon@1.7.3
325 silly lockFile a6fbc7fa-grunt-contrib-watch grunt-contrib-watch@*
326 silly lockFile a6fbc7fa-grunt-contrib-watch grunt-contrib-watch@*
327 silly lockFile c3a49a3b-sinon-1-7-x sinon@1.7.x
328 silly lockFile c3a49a3b-sinon-1-7-x sinon@1.7.x
329 info trying registry request attempt 3 at 00:56:34
330 verbose etag "7NCQGS82CQOIB32E5ICBQMRCH"
331 http GET https://registry.npmjs.org/grunt-contrib-uglify
332 silly registry.get cb [ 304, undefined ]
333 verbose etag mocha-phantomjs from cache
334 silly addNameRange number 2 { name: 'mocha-phantomjs',
334 silly addNameRange   range: '>=3.1.0-0 <3.2.0-0',
334 silly addNameRange   hasData: true }
335 silly addNameRange versions [ 'mocha-phantomjs',
335 silly addNameRange   [ '1.0.0',
335 silly addNameRange     '1.0.1',
335 silly addNameRange     '1.1.0',
335 silly addNameRange     '1.1.1',
335 silly addNameRange     '1.1.2',
335 silly addNameRange     '1.1.3',
335 silly addNameRange     '2.0.0',
335 silly addNameRange     '2.0.1',
335 silly addNameRange     '2.0.2',
335 silly addNameRange     '2.0.3',
335 silly addNameRange     '3.0.0',
335 silly addNameRange     '3.1.0',
335 silly addNameRange     '3.1.1',
335 silly addNameRange     '3.1.2',
335 silly addNameRange     '3.1.3',
335 silly addNameRange     '3.1.4',
335 silly addNameRange     '3.1.5' ] ]
336 verbose addNamed [ 'mocha-phantomjs', '3.1.5' ]
337 verbose addNamed [ '3.1.5', '3.1.5' ]
338 silly lockFile fb3291e2-mocha-phantomjs-3-1-5 mocha-phantomjs@3.1.5
339 verbose lock mocha-phantomjs@3.1.5 /home/ile/.npm/fb3291e2-mocha-phantomjs-3-1-5.lock
340 silly lockFile 0905b4e3-ntomjs-mocha-phantomjs-3-1-5-tgz https://registry.npmjs.org/mocha-phantomjs/-/mocha-phantomjs-3.1.5.tgz
341 verbose lock https://registry.npmjs.org/mocha-phantomjs/-/mocha-phantomjs-3.1.5.tgz /home/ile/.npm/0905b4e3-ntomjs-mocha-phantomjs-3-1-5-tgz.lock
342 verbose addRemoteTarball [ 'https://registry.npmjs.org/mocha-phantomjs/-/mocha-phantomjs-3.1.5.tgz',
342 verbose addRemoteTarball   'a62926794b114d8e133322f283050c2c8169919d' ]
343 info retry fetch attempt 1 at 00:56:39
344 verbose fetch to= /home/ile/tmp/npm-1514-d9WwLTc5/1383605799473-0.823181264102459/tmp.tgz
345 http GET https://registry.npmjs.org/mocha-phantomjs/-/mocha-phantomjs-3.1.5.tgz
346 info trying registry request attempt 3 at 00:56:39
347 verbose etag "ENDPU8WDRRBHEIAGY3ZUVZM67"
348 http GET https://registry.npmjs.org/mocha
349 http 500 https://registry.npmjs.org/grunt-contrib-coffee
350 verbose bad json Internal routing error
350 verbose bad json
350 verbose bad json Sorry, we cannot connect to the intended server.
350 verbose bad json
350 verbose bad json We have just been notified of this problem. We will correct it as soon as possible.
350 verbose bad json
350 verbose bad json Feel free to contact us if you have any questions: support@iriscouch.com
351 error registry error parsing json
352 info retry will retry, error on last attempt: SyntaxError: Unexpected token I
352 info retry Internal routing error
352 info retry
352 info retry Sorry, we cannot connect to the intended server.
352 info retry
352 info retry We have just been notified of this problem. We will correct it as soon as possible.
352 info retry
352 info retry Feel free to contact us if you have any questions: support@iriscouch.com
353 silly registry.get cb [ 304, undefined ]
354 verbose etag grunt from cache
355 silly addNameRange number 2 { name: 'grunt', range: '*', hasData: true }
356 silly addNameRange versions [ 'grunt',
356 silly addNameRange   [ '0.1.0',
356 silly addNameRange     '0.1.1',
356 silly addNameRange     '0.1.2',
356 silly addNameRange     '0.2.0',
356 silly addNameRange     '0.2.1',
356 silly addNameRange     '0.2.2',
356 silly addNameRange     '0.2.3',
356 silly addNameRange     '0.2.4',
356 silly addNameRange     '0.2.5',
356 silly addNameRange     '0.2.6',
356 silly addNameRange     '0.2.7',
356 silly addNameRange     '0.2.8',
356 silly addNameRange     '0.2.9',
356 silly addNameRange     '0.2.10',
356 silly addNameRange     '0.2.11',
356 silly addNameRange     '0.2.12',
356 silly addNameRange     '0.2.13',
356 silly addNameRange     '0.2.14',
356 silly addNameRange     '0.2.15',
356 silly addNameRange     '0.3.0',
356 silly addNameRange     '0.3.1',
356 silly addNameRange     '0.3.2',
356 silly addNameRange     '0.3.3',
356 silly addNameRange     '0.3.4',
356 silly addNameRange     '0.3.5',
356 silly addNameRange     '0.3.6',
356 silly addNameRange     '0.3.7',
356 silly addNameRange     '0.3.8',
356 silly addNameRange     '0.3.9',
356 silly addNameRange     '0.3.10',
356 silly addNameRange     '0.3.11',
356 silly addNameRange     '0.3.12',
356 silly addNameRange     '0.3.13',
356 silly addNameRange     '0.3.14',
356 silly addNameRange     '0.3.15',
356 silly addNameRange     '0.3.16',
356 silly addNameRange     '0.3.17',
356 silly addNameRange     '0.4.0',
356 silly addNameRange     '0.4.1',
356 silly addNameRange     '0.3.13-a',
356 silly addNameRange     '0.4.0-a',
356 silly addNameRange     '0.4.0-rc1',
356 silly addNameRange     '0.4.0-rc2',
356 silly addNameRange     '0.4.0-rc3',
356 silly addNameRange     '0.4.0-rc4',
356 silly addNameRange     '0.4.0-rc5',
356 silly addNameRange     '0.4.0-rc6',
356 silly addNameRange     '0.4.0-rc7',
356 silly addNameRange     '0.4.0-rc8' ] ]
357 verbose addNamed [ 'grunt', '0.4.1' ]
358 verbose addNamed [ '0.4.1', '0.4.1' ]
359 silly lockFile f9e87dfe-grunt-0-4-1 grunt@0.4.1
360 verbose lock grunt@0.4.1 /home/ile/.npm/f9e87dfe-grunt-0-4-1.lock
361 silly lockFile f9e87dfe-grunt-0-4-1 grunt@0.4.1
362 silly lockFile f9e87dfe-grunt-0-4-1 grunt@0.4.1
363 silly lockFile da20c8d2-grunt grunt@*
364 silly lockFile da20c8d2-grunt grunt@*
365 info trying registry request attempt 3 at 00:57:43
366 verbose etag "C0MOFEPNWDGXFNGRXNUD63UAC"
367 http GET https://registry.npmjs.org/grunt-contrib-coffee
368 http 500 https://registry.npmjs.org/grunt-component-build
369 verbose bad json Internal routing error
369 verbose bad json
369 verbose bad json Sorry, we cannot connect to the intended server.
369 verbose bad json
369 verbose bad json We have just been notified of this problem. We will correct it as soon as possible.
369 verbose bad json
369 verbose bad json Feel free to contact us if you have any questions: support@iriscouch.com
370 error registry error parsing json
371 silly registry.get cb [ 500,
371 silly registry.get   { 'content-type': 'text/plain', 'content-length': '239' } ]
372 silly lockFile e7f6d65c-grunt-component-build grunt-component-build@*
373 silly lockFile e7f6d65c-grunt-component-build grunt-component-build@*
374 error SyntaxError: Unexpected token I
374 error Internal routing error
374 error
374 error Sorry, we cannot connect to the intended server.
374 error
374 error We have just been notified of this problem. We will correct it as soon as possible.
374 error
374 error Feel free to contact us if you have any questions: support@iriscouch.com
374 error
374 error     at Object.parse (native)
374 error     at RegClient.<anonymous> (/home/ile/nvm/v0.10.10/lib/node_modules/npm/node_modules/npm-registry-client/lib/request.js:238:23)
374 error     at Request.self.callback (/home/ile/nvm/v0.10.10/lib/node_modules/npm/node_modules/request/request.js:129:22)
374 error     at Request.EventEmitter.emit (events.js:98:17)
374 error     at Request.<anonymous> (/home/ile/nvm/v0.10.10/lib/node_modules/npm/node_modules/request/request.js:873:14)
374 error     at Request.EventEmitter.emit (events.js:117:20)
374 error     at IncomingMessage.<anonymous> (/home/ile/nvm/v0.10.10/lib/node_modules/npm/node_modules/request/request.js:824:12)
374 error     at IncomingMessage.EventEmitter.emit (events.js:117:20)
374 error     at _stream_readable.js:910:16
374 error     at process._tickCallback (node.js:415:13)
375 error If you need help, you may report this log at:
375 error     <http://github.com/isaacs/npm/issues>
375 error or email it to:
375 error     <npm-@googlegroups.com>
376 error System Linux 3.0.0-32-generic
377 error command "node" "/home/ile/nvm/v0.10.10/bin/npm" "install"
378 error cwd /home/ile/derby/blanket_add/dropzone
379 error node -v v0.10.10
380 error npm -v 1.3.11
381 error type unexpected_token
382 verbose exit [ 1, true ]
